<?xml version="1.0" encoding="UTF-8"?>
<!-- Generated by org.testng.reporters.JUnitReportReporter -->
<testsuite skipped="0" hostname="LAP-HYD-0X91354" name="com.demo.assignments.Aman_Kumar" tests="10" failures="0" timestamp="31 Oct 2021 19:39:32 GMT" time="43.075" errors="0">
  <testcase name="State" time="3.343" classname="com.demo.assignments.Aman_Kumar"/>
  <testcase name="City" time="3.288" classname="com.demo.assignments.Aman_Kumar"/>
  <testcase name="Hobbies" time="0.202" classname="com.demo.assignments.Aman_Kumar"/>
  <testcase name="Text_Field" time="2.548" classname="com.demo.assignments.Aman_Kumar"/>
  <testcase name="Radio_btn" time="2.434" classname="com.demo.assignments.Aman_Kumar"/>
  <testcase name="Subjects" time="18.762" classname="com.demo.assignments.Aman_Kumar"/>
  <testcase name="Choose_file" time="2.183" classname="com.demo.assignments.Aman_Kumar"/>
  <testcase name="Phone_no" time="2.160" classname="com.demo.assignments.Aman_Kumar"/>
  <testcase name="Date_of_Birth" time="5.916" classname="com.demo.assignments.Aman_Kumar"/>
  <testcase name="Submit" time="2.239" classname="com.demo.assignments.Aman_Kumar"/>
</testsuite> <!-- com.demo.assignments.Aman_Kumar -->
